c:\users\bourkep\onedrive\modules\graphics and audio i\labs\sfml\opengl\sfmlopengl\sfmlopengl\debug\vc120.pdb
c:\users\bourkep\onedrive\modules\graphics and audio i\labs\sfml\opengl\sfmlopengl\sfmlopengl\debug\vc120.idb
c:\users\bourkep\onedrive\modules\graphics and audio i\labs\sfml\opengl\sfmlopengl\sfmlopengl\debug\game.obj
c:\users\bourkep\onedrive\modules\graphics and audio i\labs\sfml\opengl\sfmlopengl\sfmlopengl\debug\main.obj
c:\users\socksup\skydrive\modules\graphics and audio i\labs\sfml\opengl\sfmlopengl\sfmlopengl\debug\vc120.pdb
c:\users\socksup\skydrive\modules\graphics and audio i\labs\sfml\opengl\sfmlopengl\sfmlopengl\debug\vc120.idb
c:\users\socksup\skydrive\modules\graphics and audio i\labs\sfml\opengl\sfmlopengl\sfmlopengl\debug\game.obj
c:\users\socksup\skydrive\modules\graphics and audio i\labs\sfml\opengl\sfmlopengl\sfmlopengl\debug\main.obj
d:\gameplay programming\practical_03_sfmlopengl\sfmlopengl\debug\vc120.pdb
d:\gameplay programming\practical_03_sfmlopengl\sfmlopengl\debug\vc120.idb
d:\gameplay programming\practical_03_sfmlopengl\sfmlopengl\debug\main.obj
d:\gameplay programming\practical_03_sfmlopengl\sfmlopengl\debug\game.obj
c:\users\bourkep\onedrive\modules\graphics and audio i\labs\sfml\opengl\sfmlopengl\debug\sfmlopengl.ilk
c:\users\bourkep\onedrive\modules\graphics and audio i\labs\sfml\opengl\sfmlopengl\debug\sfmlopengl.exe
c:\users\bourkep\onedrive\modules\graphics and audio i\labs\sfml\opengl\sfmlopengl\debug\sfmlopengl.pdb
c:\users\socksup\skydrive\modules\graphics and audio i\labs\sfml\opengl\sfmlopengl\debug\sfmlopengl.ilk
c:\users\socksup\skydrive\modules\graphics and audio i\labs\sfml\opengl\sfmlopengl\debug\sfmlopengl.exe
c:\users\socksup\skydrive\modules\graphics and audio i\labs\sfml\opengl\sfmlopengl\debug\sfmlopengl.pdb
d:\gameplay programming\practical_03_sfmlopengl\debug\sfmlopengl.pdb
d:\gameplay programming\practical_03_sfmlopengl\sfmlopengl\debug\sfmlopengl.tlog\cl.command.1.tlog
d:\gameplay programming\practical_03_sfmlopengl\sfmlopengl\debug\sfmlopengl.tlog\cl.read.1.tlog
d:\gameplay programming\practical_03_sfmlopengl\sfmlopengl\debug\sfmlopengl.tlog\cl.write.1.tlog
d:\gameplay programming\practical_03_sfmlopengl\sfmlopengl\debug\sfmlopengl.tlog\link.command.1.tlog
d:\gameplay programming\practical_03_sfmlopengl\sfmlopengl\debug\sfmlopengl.tlog\link.read.1.tlog
d:\gameplay programming\practical_03_sfmlopengl\sfmlopengl\debug\sfmlopengl.tlog\link.write.1.tlog
d:\gameplay programming\practical_03_sfmlopengl\sfmlopengl\debug\sfmlopengl.tlog\link-rc.read.1.tlog
d:\gameplay programming\practical_03_sfmlopengl\sfmlopengl\debug\sfmlopengl.tlog\link-rc.write.1.tlog
d:\gameplay programming\practical_03_sfmlopengl\sfmlopengl\debug\sfmlopengl.tlog\link-cvtres.read.1.tlog
d:\gameplay programming\practical_03_sfmlopengl\sfmlopengl\debug\sfmlopengl.tlog\link-cvtres.write.1.tlog
